<?xml version="1.0" encoding="UTF-8"?>
<testsuite name="woowa.lms.domain.ItemTest" tests="1" skipped="0" failures="0" errors="0" timestamp="2020-04-22T08:38:47" hostname="DESKTOP-G3VUD1B" time="0.035">
  <properties/>
  <testcase name="removeItem()" classname="woowa.lms.domain.ItemTest" time="0.035"/>
  <system-out><![CDATA[2020-04-22 17:38:47.376  INFO 18968 --- [    Test worker] .b.t.c.SpringBootTestContextBootstrapper : Neither @ContextConfiguration nor @ContextHierarchy found for test class [woowa.lms.domain.ItemTest], using SpringBootContextLoader
2020-04-22 17:38:47.377  INFO 18968 --- [    Test worker] o.s.t.c.support.AbstractContextLoader    : Could not detect default resource locations for test class [woowa.lms.domain.ItemTest]: no resource found for suffixes {-context.xml, Context.groovy}.
2020-04-22 17:38:47.377  INFO 18968 --- [    Test worker] t.c.s.AnnotationConfigContextLoaderUtils : Could not detect default configuration classes for test class [woowa.lms.domain.ItemTest]: ItemTest does not declare any static, non-private, non-final, nested classes annotated with @Configuration.
2020-04-22 17:38:47.385  INFO 18968 --- [    Test worker] .b.t.c.SpringBootTestContextBootstrapper : Found @SpringBootConfiguration woowa.lms.App for test class woowa.lms.domain.ItemTest
2020-04-22 17:38:47.387  INFO 18968 --- [    Test worker] .b.t.c.SpringBootTestContextBootstrapper : Loaded default TestExecutionListener class names from location [META-INF/spring.factories]: [org.springframework.boot.test.autoconfigure.restdocs.RestDocsTestExecutionListener, org.springframework.boot.test.autoconfigure.web.client.MockRestServiceServerResetTestExecutionListener, org.springframework.boot.test.autoconfigure.web.servlet.MockMvcPrintOnlyOnFailureTestExecutionListener, org.springframework.boot.test.autoconfigure.web.servlet.WebDriverTestExecutionListener, org.springframework.boot.test.mock.mockito.MockitoTestExecutionListener, org.springframework.boot.test.mock.mockito.ResetMocksTestExecutionListener, org.springframework.test.context.web.ServletTestExecutionListener, org.springframework.test.context.support.DirtiesContextBeforeModesTestExecutionListener, org.springframework.test.context.support.DependencyInjectionTestExecutionListener, org.springframework.test.context.support.DirtiesContextTestExecutionListener, org.springframework.test.context.transaction.TransactionalTestExecutionListener, org.springframework.test.context.jdbc.SqlScriptsTestExecutionListener, org.springframework.test.context.event.EventPublishingTestExecutionListener]
2020-04-22 17:38:47.388  INFO 18968 --- [    Test worker] .b.t.c.SpringBootTestContextBootstrapper : Using TestExecutionListeners: [org.springframework.test.context.web.ServletTestExecutionListener@48bde425, org.springframework.test.context.support.DirtiesContextBeforeModesTestExecutionListener@76588dc2, org.springframework.boot.test.mock.mockito.MockitoTestExecutionListener@45d05819, org.springframework.boot.test.autoconfigure.SpringBootDependencyInjectionTestExecutionListener@75e27c1c, org.springframework.test.context.support.DirtiesContextTestExecutionListener@52592249, org.springframework.test.context.transaction.TransactionalTestExecutionListener@60dd835d, org.springframework.test.context.jdbc.SqlScriptsTestExecutionListener@278a1fcf, org.springframework.test.context.event.EventPublishingTestExecutionListener@41ee95be, org.springframework.boot.test.autoconfigure.restdocs.RestDocsTestExecutionListener@5a3eaca0, org.springframework.boot.test.autoconfigure.web.client.MockRestServiceServerResetTestExecutionListener@56f50bd1, org.springframework.boot.test.autoconfigure.web.servlet.MockMvcPrintOnlyOnFailureTestExecutionListener@217612a7, org.springframework.boot.test.autoconfigure.web.servlet.WebDriverTestExecutionListener@14802052, org.springframework.boot.test.mock.mockito.ResetMocksTestExecutionListener@3b74d5ce]
]]></system-out>
  <system-err><![CDATA[]]></system-err>
</testsuite>
