<?xml version="1.0" encoding="UTF-8"?>
<testsuite name="woowa.lms.AppTest" tests="1" skipped="0" failures="0" errors="0" timestamp="2020-04-22T08:38:47" hostname="DESKTOP-G3VUD1B" time="0.127">
  <properties/>
  <testcase name="contextLoads()" classname="woowa.lms.AppTest" time="0.127"/>
  <system-out><![CDATA[17:38:41.072 [Test worker] DEBUG org.springframework.test.context.BootstrapUtils - Instantiating CacheAwareContextLoaderDelegate from class [org.springframework.test.context.cache.DefaultCacheAwareContextLoaderDelegate]
17:38:41.095 [Test worker] DEBUG org.springframework.test.context.BootstrapUtils - Instantiating BootstrapContext using constructor [public org.springframework.test.context.support.DefaultBootstrapContext(java.lang.Class,org.springframework.test.context.CacheAwareContextLoaderDelegate)]
17:38:41.127 [Test worker] DEBUG org.springframework.test.context.BootstrapUtils - Instantiating TestContextBootstrapper for test class [woowa.lms.AppTest] from class [org.springframework.boot.test.context.SpringBootTestContextBootstrapper]
17:38:41.148 [Test worker] INFO org.springframework.boot.test.context.SpringBootTestContextBootstrapper - Neither @ContextConfiguration nor @ContextHierarchy found for test class [woowa.lms.AppTest], using SpringBootContextLoader
17:38:41.155 [Test worker] DEBUG org.springframework.test.context.support.AbstractContextLoader - Did not detect default resource location for test class [woowa.lms.AppTest]: class path resource [woowa/lms/AppTest-context.xml] does not exist
17:38:41.156 [Test worker] DEBUG org.springframework.test.context.support.AbstractContextLoader - Did not detect default resource location for test class [woowa.lms.AppTest]: class path resource [woowa/lms/AppTestContext.groovy] does not exist
17:38:41.157 [Test worker] INFO org.springframework.test.context.support.AbstractContextLoader - Could not detect default resource locations for test class [woowa.lms.AppTest]: no resource found for suffixes {-context.xml, Context.groovy}.
17:38:41.158 [Test worker] INFO org.springframework.test.context.support.AnnotationConfigContextLoaderUtils - Could not detect default configuration classes for test class [woowa.lms.AppTest]: AppTest does not declare any static, non-private, non-final, nested classes annotated with @Configuration.
17:38:41.209 [Test worker] DEBUG org.springframework.test.context.support.ActiveProfilesUtils - Could not find an 'annotation declaring class' for annotation type [org.springframework.test.context.ActiveProfiles] and class [woowa.lms.AppTest]
17:38:41.315 [Test worker] DEBUG org.springframework.context.annotation.ClassPathScanningCandidateComponentProvider - Identified candidate component class: file [C:\Users\LukeD\Documents\GitHub\LMS\LMS\build\classes\java\main\woowa\lms\App.class]
17:38:41.318 [Test worker] INFO org.springframework.boot.test.context.SpringBootTestContextBootstrapper - Found @SpringBootConfiguration woowa.lms.App for test class woowa.lms.AppTest
17:38:41.450 [Test worker] DEBUG org.springframework.boot.test.context.SpringBootTestContextBootstrapper - @TestExecutionListeners is not present for class [woowa.lms.AppTest]: using defaults.
17:38:41.451 [Test worker] INFO org.springframework.boot.test.context.SpringBootTestContextBootstrapper - Loaded default TestExecutionListener class names from location [META-INF/spring.factories]: [org.springframework.boot.test.autoconfigure.restdocs.RestDocsTestExecutionListener, org.springframework.boot.test.autoconfigure.web.client.MockRestServiceServerResetTestExecutionListener, org.springframework.boot.test.autoconfigure.web.servlet.MockMvcPrintOnlyOnFailureTestExecutionListener, org.springframework.boot.test.autoconfigure.web.servlet.WebDriverTestExecutionListener, org.springframework.boot.test.mock.mockito.MockitoTestExecutionListener, org.springframework.boot.test.mock.mockito.ResetMocksTestExecutionListener, org.springframework.test.context.web.ServletTestExecutionListener, org.springframework.test.context.support.DirtiesContextBeforeModesTestExecutionListener, org.springframework.test.context.support.DependencyInjectionTestExecutionListener, org.springframework.test.context.support.DirtiesContextTestExecutionListener, org.springframework.test.context.transaction.TransactionalTestExecutionListener, org.springframework.test.context.jdbc.SqlScriptsTestExecutionListener, org.springframework.test.context.event.EventPublishingTestExecutionListener]
17:38:41.474 [Test worker] INFO org.springframework.boot.test.context.SpringBootTestContextBootstrapper - Using TestExecutionListeners: [org.springframework.test.context.web.ServletTestExecutionListener@370371d3, org.springframework.test.context.support.DirtiesContextBeforeModesTestExecutionListener@5aee2db0, org.springframework.boot.test.mock.mockito.MockitoTestExecutionListener@75adc01d, org.springframework.boot.test.autoconfigure.SpringBootDependencyInjectionTestExecutionListener@1b59d44, org.springframework.test.context.support.DirtiesContextTestExecutionListener@2d94e948, org.springframework.test.context.transaction.TransactionalTestExecutionListener@6bcc2e7, org.springframework.test.context.jdbc.SqlScriptsTestExecutionListener@1d0a5705, org.springframework.test.context.event.EventPublishingTestExecutionListener@3078a65d, org.springframework.boot.test.autoconfigure.restdocs.RestDocsTestExecutionListener@3a2cc7b3, org.springframework.boot.test.autoconfigure.web.client.MockRestServiceServerResetTestExecutionListener@5ae791eb, org.springframework.boot.test.autoconfigure.web.servlet.MockMvcPrintOnlyOnFailureTestExecutionListener@159a57cd, org.springframework.boot.test.autoconfigure.web.servlet.WebDriverTestExecutionListener@60a5416d, org.springframework.boot.test.mock.mockito.ResetMocksTestExecutionListener@3ce81395]
17:38:41.480 [Test worker] DEBUG org.springframework.test.context.support.AbstractDirtiesContextTestExecutionListener - Before test class: context [DefaultTestContext@19d02673 testClass = AppTest, testInstance = [null], testMethod = [null], testException = [null], mergedContextConfiguration = [WebMergedContextConfiguration@315fb64f testClass = AppTest, locations = '{}', classes = '{class woowa.lms.App}', contextInitializerClasses = '[]', activeProfiles = '{}', propertySourceLocations = '{}', propertySourceProperties = '{org.springframework.boot.test.context.SpringBootTestContextBootstrapper=true}', contextCustomizers = set[org.springframework.boot.test.autoconfigure.properties.PropertyMappingContextCustomizer@0, org.springframework.boot.test.autoconfigure.web.servlet.WebDriverContextCustomizerFactory$Customizer@3901b100, org.springframework.boot.test.context.filter.ExcludeFilterContextCustomizer@5351dce0, org.springframework.boot.test.json.DuplicateJsonObjectContextCustomizerFactory$DuplicateJsonObjectContextCustomizer@264d7678, org.springframework.boot.test.mock.mockito.MockitoContextCustomizer@0, org.springframework.boot.test.web.client.TestRestTemplateContextCustomizer@31254d07], resourceBasePath = 'src/main/webapp', contextLoader = 'org.springframework.boot.test.context.SpringBootContextLoader', parent = [null]], attributes = map['org.springframework.test.context.web.ServletTestExecutionListener.activateListener' -> true]], class annotated with @DirtiesContext [false] with mode [null].
17:38:41.517 [Test worker] DEBUG org.springframework.test.context.support.TestPropertySourceUtils - Adding inlined properties to environment: {spring.jmx.enabled=false, org.springframework.boot.test.context.SpringBootTestContextBootstrapper=true, server.port=-1}

  .   ____          _            __ _ _
 /\\ / ___'_ __ _ _(_)_ __  __ _ \ \ \ \
( ( )\___ | '_ | '_| | '_ \/ _` | \ \ \ \
 \\/  ___)| |_)| | | | | || (_| |  ) ) ) )
  '  |____| .__|_| |_|_| |_\__, | / / / /
 =========|_|==============|___/=/_/_/_/
 :: Spring Boot ::        (v2.2.5.RELEASE)

2020-04-22 17:38:42.004  INFO 18968 --- [    Test worker] woowa.lms.AppTest                        : Starting AppTest on DESKTOP-G3VUD1B with PID 18968 (started by LukeD in C:\Users\LukeD\Documents\GitHub\LMS\LMS)
2020-04-22 17:38:42.006  INFO 18968 --- [    Test worker] woowa.lms.AppTest                        : No active profile set, falling back to default profiles: default
2020-04-22 17:38:42.938  INFO 18968 --- [    Test worker] .s.d.r.c.RepositoryConfigurationDelegate : Bootstrapping Spring Data JPA repositories in DEFAULT mode.
2020-04-22 17:38:43.134  INFO 18968 --- [    Test worker] .s.d.r.c.RepositoryConfigurationDelegate : Finished Spring Data repository scanning in 185ms. Found 2 JPA repository interfaces.
2020-04-22 17:38:44.040  INFO 18968 --- [    Test worker] o.hibernate.jpa.internal.util.LogHelper  : HHH000204: Processing PersistenceUnitInfo [name: default]
2020-04-22 17:38:44.139  INFO 18968 --- [    Test worker] org.hibernate.Version                    : HHH000412: Hibernate ORM core version 5.4.12.Final
2020-04-22 17:38:44.334  INFO 18968 --- [    Test worker] o.hibernate.annotations.common.Version   : HCANN000001: Hibernate Commons Annotations {5.1.0.Final}
2020-04-22 17:38:44.491  INFO 18968 --- [    Test worker] com.zaxxer.hikari.HikariDataSource       : HikariPool-1 - Starting...
2020-04-22 17:38:44.581  INFO 18968 --- [    Test worker] com.zaxxer.hikari.HikariDataSource       : HikariPool-1 - Start completed.
2020-04-22 17:38:44.614  INFO 18968 --- [    Test worker] org.hibernate.dialect.Dialect            : HHH000400: Using dialect: org.hibernate.dialect.H2Dialect
2020-04-22 17:38:44.762  WARN 18968 --- [    Test worker] org.hibernate.cfg.AnnotationBinder       : HHH000457: Joined inheritance hierarchy [woowa.lms.back.domain.account.Account] defined explicit @DiscriminatorColumn.  Legacy Hibernate behavior was to ignore the @DiscriminatorColumn.  However, as part of issue HHH-6911 we now apply the explicit @DiscriminatorColumn.  If you would prefer the legacy behavior, enable the `hibernate.discriminator.ignore_explicit_for_joined` setting (hibernate.discriminator.ignore_explicit_for_joined=true)
2020-04-22 17:38:44.832  WARN 18968 --- [    Test worker] org.hibernate.cfg.AnnotationBinder       : HHH000457: Joined inheritance hierarchy [woowa.lms.back.domain.item.Item] defined explicit @DiscriminatorColumn.  Legacy Hibernate behavior was to ignore the @DiscriminatorColumn.  However, as part of issue HHH-6911 we now apply the explicit @DiscriminatorColumn.  If you would prefer the legacy behavior, enable the `hibernate.discriminator.ignore_explicit_for_joined` setting (hibernate.discriminator.ignore_explicit_for_joined=true)
2020-04-22 17:38:45.526 DEBUG 18968 --- [    Test worker] org.hibernate.SQL                        : drop table account if exists
2020-04-22 17:38:45.528 DEBUG 18968 --- [    Test worker] org.hibernate.SQL                        : drop table admin if exists
2020-04-22 17:38:45.528 DEBUG 18968 --- [    Test worker] org.hibernate.SQL                        : drop table book if exists
2020-04-22 17:38:45.529 DEBUG 18968 --- [    Test worker] org.hibernate.SQL                        : drop table item if exists
2020-04-22 17:38:45.529 DEBUG 18968 --- [    Test worker] org.hibernate.SQL                        : drop table owner if exists
2020-04-22 17:38:45.529 DEBUG 18968 --- [    Test worker] org.hibernate.SQL                        : drop table rental if exists
2020-04-22 17:38:45.530 DEBUG 18968 --- [    Test worker] org.hibernate.SQL                        : drop table rental_item if exists
2020-04-22 17:38:45.530 DEBUG 18968 --- [    Test worker] org.hibernate.SQL                        : drop table user if exists
2020-04-22 17:38:45.531 DEBUG 18968 --- [    Test worker] org.hibernate.SQL                        : drop sequence if exists hibernate_sequence
2020-04-22 17:38:45.533 DEBUG 18968 --- [    Test worker] org.hibernate.SQL                        : create sequence hibernate_sequence start with 1 increment by 1
2020-04-22 17:38:45.534 DEBUG 18968 --- [    Test worker] org.hibernate.SQL                        : create table account (dtype varchar(31) not null, account_id varchar(15) not null, auth varchar(255) not null, contact varchar(11) not null, created_date date, name varchar(30) not null, pw varchar(15) not null, primary key (account_id))
2020-04-22 17:38:45.536 DEBUG 18968 --- [    Test worker] org.hibernate.SQL                        : create table admin (account_id varchar(15) not null, primary key (account_id))
2020-04-22 17:38:45.537 DEBUG 18968 --- [    Test worker] org.hibernate.SQL                        : create table book (item_id bigint not null, primary key (item_id))
2020-04-22 17:38:45.538 DEBUG 18968 --- [    Test worker] org.hibernate.SQL                        : create table item (dtype varchar(31) not null, item_id bigint not null, author varchar(255) not null, status varchar(255) not null, stock integer not null, title varchar(255) not null, type varchar(255) not null, primary key (item_id))
2020-04-22 17:38:45.539 DEBUG 18968 --- [    Test worker] org.hibernate.SQL                        : create table owner (account_id varchar(15) not null, primary key (account_id))
2020-04-22 17:38:45.540 DEBUG 18968 --- [    Test worker] org.hibernate.SQL                        : create table rental (rental_id bigint not null, lend_date date not null, rental_status varchar(255) not null, return_date date not null, account_id varchar(15), primary key (rental_id))
2020-04-22 17:38:45.541 DEBUG 18968 --- [    Test worker] org.hibernate.SQL                        : create table rental_item (rental_item_id bigint not null, item_id bigint, rental_id bigint, primary key (rental_item_id))
2020-04-22 17:38:45.541 DEBUG 18968 --- [    Test worker] org.hibernate.SQL                        : create table user (account_id varchar(15) not null, primary key (account_id))
2020-04-22 17:38:45.542 DEBUG 18968 --- [    Test worker] org.hibernate.SQL                        : alter table admin add constraint FKn2eatyxq78i3wg18tt0jf56lw foreign key (account_id) references account on delete cascade
2020-04-22 17:38:45.543 DEBUG 18968 --- [    Test worker] org.hibernate.SQL                        : alter table book add constraint FKgohd8evkxf3j9a0p4jk5evpiv foreign key (item_id) references item on delete cascade
2020-04-22 17:38:45.545 DEBUG 18968 --- [    Test worker] org.hibernate.SQL                        : alter table owner add constraint FKc4c2upgfje2ub3yrch383l8d7 foreign key (account_id) references account on delete cascade
2020-04-22 17:38:45.546 DEBUG 18968 --- [    Test worker] org.hibernate.SQL                        : alter table rental add constraint FKbp67te8eghnuv2gp6j7rtorpa foreign key (account_id) references account
2020-04-22 17:38:45.547 DEBUG 18968 --- [    Test worker] org.hibernate.SQL                        : alter table rental_item add constraint FKdc8ytutqhpmkum82y1970ln2y foreign key (item_id) references item
2020-04-22 17:38:45.548 DEBUG 18968 --- [    Test worker] org.hibernate.SQL                        : alter table rental_item add constraint FKa20tqix3c9aesqmluuq9lkn9b foreign key (rental_id) references rental
2020-04-22 17:38:45.549 DEBUG 18968 --- [    Test worker] org.hibernate.SQL                        : alter table user add constraint FKc3b4xfbq6rbkkrddsdum8t5f0 foreign key (account_id) references account on delete cascade
2020-04-22 17:38:45.551  INFO 18968 --- [    Test worker] o.h.e.t.j.p.i.JtaPlatformInitiator       : HHH000490: Using JtaPlatform implementation: [org.hibernate.engine.transaction.jta.platform.internal.NoJtaPlatform]
2020-04-22 17:38:45.559  INFO 18968 --- [    Test worker] j.LocalContainerEntityManagerFactoryBean : Initialized JPA EntityManagerFactory for persistence unit 'default'
2020-04-22 17:38:46.483  WARN 18968 --- [    Test worker] JpaBaseConfiguration$JpaWebConfiguration : spring.jpa.open-in-view is enabled by default. Therefore, database queries may be performed during view rendering. Explicitly configure spring.jpa.open-in-view to disable this warning
2020-04-22 17:38:46.790  INFO 18968 --- [    Test worker] o.s.s.concurrent.ThreadPoolTaskExecutor  : Initializing ExecutorService 'applicationTaskExecutor'
2020-04-22 17:38:47.217  INFO 18968 --- [    Test worker] woowa.lms.AppTest                        : Started AppTest in 5.687 seconds (JVM running for 7.312)
]]></system-out>
  <system-err><![CDATA[]]></system-err>
</testsuite>
