<?xml version="1.0" encoding="UTF-8"?>
<testsuite name="woowa.lms.service.AccountServiceTest" tests="5" skipped="0" failures="0" errors="0" timestamp="2020-04-22T08:38:47" hostname="DESKTOP-G3VUD1B" time="0.062">
  <properties/>
  <testcase name="testValidateDuplicateException()" classname="woowa.lms.service.AccountServiceTest" time="0.013"/>
  <testcase name="singUp()" classname="woowa.lms.service.AccountServiceTest" time="0.006"/>
  <testcase name="findAll()" classname="woowa.lms.service.AccountServiceTest" time="0.004"/>
  <testcase name="edit()" classname="woowa.lms.service.AccountServiceTest" time="0.029"/>
  <testcase name="find()" classname="woowa.lms.service.AccountServiceTest" time="0.005"/>
  <system-out><![CDATA[2020-04-22 17:38:47.592  INFO 18968 --- [    Test worker] .b.t.c.SpringBootTestContextBootstrapper : Neither @ContextConfiguration nor @ContextHierarchy found for test class [woowa.lms.service.AccountServiceTest], using SpringBootContextLoader
2020-04-22 17:38:47.593  INFO 18968 --- [    Test worker] o.s.t.c.support.AbstractContextLoader    : Could not detect default resource locations for test class [woowa.lms.service.AccountServiceTest]: no resource found for suffixes {-context.xml, Context.groovy}.
2020-04-22 17:38:47.594  INFO 18968 --- [    Test worker] t.c.s.AnnotationConfigContextLoaderUtils : Could not detect default configuration classes for test class [woowa.lms.service.AccountServiceTest]: AccountServiceTest does not declare any static, non-private, non-final, nested classes annotated with @Configuration.
2020-04-22 17:38:47.606  INFO 18968 --- [    Test worker] .b.t.c.SpringBootTestContextBootstrapper : Found @SpringBootConfiguration woowa.lms.App for test class woowa.lms.service.AccountServiceTest
2020-04-22 17:38:47.610  INFO 18968 --- [    Test worker] .b.t.c.SpringBootTestContextBootstrapper : Loaded default TestExecutionListener class names from location [META-INF/spring.factories]: [org.springframework.boot.test.autoconfigure.restdocs.RestDocsTestExecutionListener, org.springframework.boot.test.autoconfigure.web.client.MockRestServiceServerResetTestExecutionListener, org.springframework.boot.test.autoconfigure.web.servlet.MockMvcPrintOnlyOnFailureTestExecutionListener, org.springframework.boot.test.autoconfigure.web.servlet.WebDriverTestExecutionListener, org.springframework.boot.test.mock.mockito.MockitoTestExecutionListener, org.springframework.boot.test.mock.mockito.ResetMocksTestExecutionListener, org.springframework.test.context.web.ServletTestExecutionListener, org.springframework.test.context.support.DirtiesContextBeforeModesTestExecutionListener, org.springframework.test.context.support.DependencyInjectionTestExecutionListener, org.springframework.test.context.support.DirtiesContextTestExecutionListener, org.springframework.test.context.transaction.TransactionalTestExecutionListener, org.springframework.test.context.jdbc.SqlScriptsTestExecutionListener, org.springframework.test.context.event.EventPublishingTestExecutionListener]
2020-04-22 17:38:47.610  INFO 18968 --- [    Test worker] .b.t.c.SpringBootTestContextBootstrapper : Using TestExecutionListeners: [org.springframework.test.context.web.ServletTestExecutionListener@44f88cbb, org.springframework.test.context.support.DirtiesContextBeforeModesTestExecutionListener@26fd7118, org.springframework.boot.test.mock.mockito.MockitoTestExecutionListener@6bf1e6e6, org.springframework.boot.test.autoconfigure.SpringBootDependencyInjectionTestExecutionListener@21f11d13, org.springframework.test.context.support.DirtiesContextTestExecutionListener@216cc0c2, org.springframework.test.context.transaction.TransactionalTestExecutionListener@6c541046, org.springframework.test.context.jdbc.SqlScriptsTestExecutionListener@8761dfc, org.springframework.test.context.event.EventPublishingTestExecutionListener@21468064, org.springframework.boot.test.autoconfigure.restdocs.RestDocsTestExecutionListener@66eb3e5e, org.springframework.boot.test.autoconfigure.web.client.MockRestServiceServerResetTestExecutionListener@2a71d4e5, org.springframework.boot.test.autoconfigure.web.servlet.MockMvcPrintOnlyOnFailureTestExecutionListener@1250a5aa, org.springframework.boot.test.autoconfigure.web.servlet.WebDriverTestExecutionListener@7004224, org.springframework.boot.test.mock.mockito.ResetMocksTestExecutionListener@38a69554]
]]></system-out>
  <system-err><![CDATA[]]></system-err>
</testsuite>
