<?xml version="1.0" encoding="UTF-8"?>
<testsuite name="woowa.lms.service.RentalServiceTest" tests="2" skipped="0" failures="0" errors="0" timestamp="2020-04-22T08:38:47" hostname="DESKTOP-G3VUD1B" time="0.024">
  <properties/>
  <testcase name="returnBooks()" classname="woowa.lms.service.RentalServiceTest" time="0.006"/>
  <testcase name="lendBooks()" classname="woowa.lms.service.RentalServiceTest" time="0.016"/>
  <system-out><![CDATA[2020-04-22 17:38:47.806  INFO 18968 --- [    Test worker] .b.t.c.SpringBootTestContextBootstrapper : Neither @ContextConfiguration nor @ContextHierarchy found for test class [woowa.lms.service.RentalServiceTest], using SpringBootContextLoader
2020-04-22 17:38:47.808  INFO 18968 --- [    Test worker] o.s.t.c.support.AbstractContextLoader    : Could not detect default resource locations for test class [woowa.lms.service.RentalServiceTest]: no resource found for suffixes {-context.xml, Context.groovy}.
2020-04-22 17:38:47.808  INFO 18968 --- [    Test worker] t.c.s.AnnotationConfigContextLoaderUtils : Could not detect default configuration classes for test class [woowa.lms.service.RentalServiceTest]: RentalServiceTest does not declare any static, non-private, non-final, nested classes annotated with @Configuration.
2020-04-22 17:38:47.810  INFO 18968 --- [    Test worker] .b.t.c.SpringBootTestContextBootstrapper : Found @SpringBootConfiguration woowa.lms.App for test class woowa.lms.service.RentalServiceTest
2020-04-22 17:38:47.813  INFO 18968 --- [    Test worker] .b.t.c.SpringBootTestContextBootstrapper : Loaded default TestExecutionListener class names from location [META-INF/spring.factories]: [org.springframework.boot.test.autoconfigure.restdocs.RestDocsTestExecutionListener, org.springframework.boot.test.autoconfigure.web.client.MockRestServiceServerResetTestExecutionListener, org.springframework.boot.test.autoconfigure.web.servlet.MockMvcPrintOnlyOnFailureTestExecutionListener, org.springframework.boot.test.autoconfigure.web.servlet.WebDriverTestExecutionListener, org.springframework.boot.test.mock.mockito.MockitoTestExecutionListener, org.springframework.boot.test.mock.mockito.ResetMocksTestExecutionListener, org.springframework.test.context.web.ServletTestExecutionListener, org.springframework.test.context.support.DirtiesContextBeforeModesTestExecutionListener, org.springframework.test.context.support.DependencyInjectionTestExecutionListener, org.springframework.test.context.support.DirtiesContextTestExecutionListener, org.springframework.test.context.transaction.TransactionalTestExecutionListener, org.springframework.test.context.jdbc.SqlScriptsTestExecutionListener, org.springframework.test.context.event.EventPublishingTestExecutionListener]
2020-04-22 17:38:47.814  INFO 18968 --- [    Test worker] .b.t.c.SpringBootTestContextBootstrapper : Using TestExecutionListeners: [org.springframework.test.context.web.ServletTestExecutionListener@57ec0932, org.springframework.test.context.support.DirtiesContextBeforeModesTestExecutionListener@544fcc56, org.springframework.boot.test.mock.mockito.MockitoTestExecutionListener@450d4726, org.springframework.boot.test.autoconfigure.SpringBootDependencyInjectionTestExecutionListener@330d2164, org.springframework.test.context.support.DirtiesContextTestExecutionListener@49f0bae, org.springframework.test.context.transaction.TransactionalTestExecutionListener@2e984a17, org.springframework.test.context.jdbc.SqlScriptsTestExecutionListener@1031c95, org.springframework.test.context.event.EventPublishingTestExecutionListener@5bdf1bd0, org.springframework.boot.test.autoconfigure.restdocs.RestDocsTestExecutionListener@2761b97e, org.springframework.boot.test.autoconfigure.web.client.MockRestServiceServerResetTestExecutionListener@4bc59777, org.springframework.boot.test.autoconfigure.web.servlet.MockMvcPrintOnlyOnFailureTestExecutionListener@523bdd2e, org.springframework.boot.test.autoconfigure.web.servlet.WebDriverTestExecutionListener@71195d22, org.springframework.boot.test.mock.mockito.ResetMocksTestExecutionListener@5b19a036]
]]></system-out>
  <system-err><![CDATA[]]></system-err>
</testsuite>
