<?xml version="1.0" encoding="UTF-8"?>
<testsuite name="woowa.lms.domain.RentalItemTest" tests="2" skipped="0" failures="0" errors="0" timestamp="2020-04-22T08:38:47" hostname="DESKTOP-G3VUD1B" time="0.025">
  <properties/>
  <testcase name="returnRentalItem()" classname="woowa.lms.domain.RentalItemTest" time="0.018"/>
  <testcase name="create()" classname="woowa.lms.domain.RentalItemTest" time="0.005"/>
  <system-out><![CDATA[2020-04-22 17:38:47.529  INFO 18968 --- [    Test worker] .b.t.c.SpringBootTestContextBootstrapper : Neither @ContextConfiguration nor @ContextHierarchy found for test class [woowa.lms.domain.RentalItemTest], using SpringBootContextLoader
2020-04-22 17:38:47.531  INFO 18968 --- [    Test worker] o.s.t.c.support.AbstractContextLoader    : Could not detect default resource locations for test class [woowa.lms.domain.RentalItemTest]: no resource found for suffixes {-context.xml, Context.groovy}.
2020-04-22 17:38:47.531  INFO 18968 --- [    Test worker] t.c.s.AnnotationConfigContextLoaderUtils : Could not detect default configuration classes for test class [woowa.lms.domain.RentalItemTest]: RentalItemTest does not declare any static, non-private, non-final, nested classes annotated with @Configuration.
2020-04-22 17:38:47.533  INFO 18968 --- [    Test worker] .b.t.c.SpringBootTestContextBootstrapper : Found @SpringBootConfiguration woowa.lms.App for test class woowa.lms.domain.RentalItemTest
2020-04-22 17:38:47.537  INFO 18968 --- [    Test worker] .b.t.c.SpringBootTestContextBootstrapper : Loaded default TestExecutionListener class names from location [META-INF/spring.factories]: [org.springframework.boot.test.autoconfigure.restdocs.RestDocsTestExecutionListener, org.springframework.boot.test.autoconfigure.web.client.MockRestServiceServerResetTestExecutionListener, org.springframework.boot.test.autoconfigure.web.servlet.MockMvcPrintOnlyOnFailureTestExecutionListener, org.springframework.boot.test.autoconfigure.web.servlet.WebDriverTestExecutionListener, org.springframework.boot.test.mock.mockito.MockitoTestExecutionListener, org.springframework.boot.test.mock.mockito.ResetMocksTestExecutionListener, org.springframework.test.context.web.ServletTestExecutionListener, org.springframework.test.context.support.DirtiesContextBeforeModesTestExecutionListener, org.springframework.test.context.support.DependencyInjectionTestExecutionListener, org.springframework.test.context.support.DirtiesContextTestExecutionListener, org.springframework.test.context.transaction.TransactionalTestExecutionListener, org.springframework.test.context.jdbc.SqlScriptsTestExecutionListener, org.springframework.test.context.event.EventPublishingTestExecutionListener]
2020-04-22 17:38:47.537  INFO 18968 --- [    Test worker] .b.t.c.SpringBootTestContextBootstrapper : Using TestExecutionListeners: [org.springframework.test.context.web.ServletTestExecutionListener@1bd92e6a, org.springframework.test.context.support.DirtiesContextBeforeModesTestExecutionListener@32d71530, org.springframework.boot.test.mock.mockito.MockitoTestExecutionListener@50962974, org.springframework.boot.test.autoconfigure.SpringBootDependencyInjectionTestExecutionListener@3c06e840, org.springframework.test.context.support.DirtiesContextTestExecutionListener@6efe3bd4, org.springframework.test.context.transaction.TransactionalTestExecutionListener@640addae, org.springframework.test.context.jdbc.SqlScriptsTestExecutionListener@53695d2, org.springframework.test.context.event.EventPublishingTestExecutionListener@e7939dc, org.springframework.boot.test.autoconfigure.restdocs.RestDocsTestExecutionListener@11c6835c, org.springframework.boot.test.autoconfigure.web.client.MockRestServiceServerResetTestExecutionListener@2393db67, org.springframework.boot.test.autoconfigure.web.servlet.MockMvcPrintOnlyOnFailureTestExecutionListener@12ba42c2, org.springframework.boot.test.autoconfigure.web.servlet.WebDriverTestExecutionListener@55ca3e90, org.springframework.boot.test.mock.mockito.ResetMocksTestExecutionListener@70b38b16]
]]></system-out>
  <system-err><![CDATA[]]></system-err>
</testsuite>
