<?xml version="1.0" encoding="UTF-8"?>
<testsuite name="woowa.lms.service.ItemServiceTest" tests="4" skipped="0" failures="0" errors="0" timestamp="2020-04-22T08:38:47" hostname="DESKTOP-G3VUD1B" time="0.023">
  <properties/>
  <testcase name="findAll()" classname="woowa.lms.service.ItemServiceTest" time="0.006"/>
  <testcase name="edit()" classname="woowa.lms.service.ItemServiceTest" time="0.004"/>
  <testcase name="find()" classname="woowa.lms.service.ItemServiceTest" time="0.005"/>
  <testcase name="save()" classname="woowa.lms.service.ItemServiceTest" time="0.003"/>
  <system-out><![CDATA[2020-04-22 17:38:47.741  INFO 18968 --- [    Test worker] .b.t.c.SpringBootTestContextBootstrapper : Neither @ContextConfiguration nor @ContextHierarchy found for test class [woowa.lms.service.ItemServiceTest], using SpringBootContextLoader
2020-04-22 17:38:47.743  INFO 18968 --- [    Test worker] o.s.t.c.support.AbstractContextLoader    : Could not detect default resource locations for test class [woowa.lms.service.ItemServiceTest]: no resource found for suffixes {-context.xml, Context.groovy}.
2020-04-22 17:38:47.743  INFO 18968 --- [    Test worker] t.c.s.AnnotationConfigContextLoaderUtils : Could not detect default configuration classes for test class [woowa.lms.service.ItemServiceTest]: ItemServiceTest does not declare any static, non-private, non-final, nested classes annotated with @Configuration.
2020-04-22 17:38:47.745  INFO 18968 --- [    Test worker] .b.t.c.SpringBootTestContextBootstrapper : Found @SpringBootConfiguration woowa.lms.App for test class woowa.lms.service.ItemServiceTest
2020-04-22 17:38:47.748  INFO 18968 --- [    Test worker] .b.t.c.SpringBootTestContextBootstrapper : Loaded default TestExecutionListener class names from location [META-INF/spring.factories]: [org.springframework.boot.test.autoconfigure.restdocs.RestDocsTestExecutionListener, org.springframework.boot.test.autoconfigure.web.client.MockRestServiceServerResetTestExecutionListener, org.springframework.boot.test.autoconfigure.web.servlet.MockMvcPrintOnlyOnFailureTestExecutionListener, org.springframework.boot.test.autoconfigure.web.servlet.WebDriverTestExecutionListener, org.springframework.boot.test.mock.mockito.MockitoTestExecutionListener, org.springframework.boot.test.mock.mockito.ResetMocksTestExecutionListener, org.springframework.test.context.web.ServletTestExecutionListener, org.springframework.test.context.support.DirtiesContextBeforeModesTestExecutionListener, org.springframework.test.context.support.DependencyInjectionTestExecutionListener, org.springframework.test.context.support.DirtiesContextTestExecutionListener, org.springframework.test.context.transaction.TransactionalTestExecutionListener, org.springframework.test.context.jdbc.SqlScriptsTestExecutionListener, org.springframework.test.context.event.EventPublishingTestExecutionListener]
2020-04-22 17:38:47.749  INFO 18968 --- [    Test worker] .b.t.c.SpringBootTestContextBootstrapper : Using TestExecutionListeners: [org.springframework.test.context.web.ServletTestExecutionListener@2e90c73b, org.springframework.test.context.support.DirtiesContextBeforeModesTestExecutionListener@46e71edf, org.springframework.boot.test.mock.mockito.MockitoTestExecutionListener@3e46f026, org.springframework.boot.test.autoconfigure.SpringBootDependencyInjectionTestExecutionListener@5ea4b04f, org.springframework.test.context.support.DirtiesContextTestExecutionListener@76250dbf, org.springframework.test.context.transaction.TransactionalTestExecutionListener@8caf442, org.springframework.test.context.jdbc.SqlScriptsTestExecutionListener@104e2bd, org.springframework.test.context.event.EventPublishingTestExecutionListener@7a591c1a, org.springframework.boot.test.autoconfigure.restdocs.RestDocsTestExecutionListener@244fbe1b, org.springframework.boot.test.autoconfigure.web.client.MockRestServiceServerResetTestExecutionListener@7bf82634, org.springframework.boot.test.autoconfigure.web.servlet.MockMvcPrintOnlyOnFailureTestExecutionListener@5d4f32fc, org.springframework.boot.test.autoconfigure.web.servlet.WebDriverTestExecutionListener@6fc45c83, org.springframework.boot.test.mock.mockito.ResetMocksTestExecutionListener@36a29806]
]]></system-out>
  <system-err><![CDATA[]]></system-err>
</testsuite>
